<?xml version="1.0" encoding="UTF-8"?>
<testng-results ignored="0" total="1" passed="1" failed="0" skipped="0">
  <reporter-output>
  </reporter-output>
  <suite started-at="2022-08-30T23:34:58 IST" name="Default suite" finished-at="2022-08-30T23:35:00 IST" duration-ms="2312">
    <groups>
    </groups>
    <test started-at="2022-08-30T23:34:58 IST" name="Default test" finished-at="2022-08-30T23:35:00 IST" duration-ms="2312">
      <class name="jenkinssample1.demo2">
        <test-method signature="demo2test()[pri:0, instance:jenkinssample1.demo2@649bec2e]" started-at="2022-08-30T23:34:58 IST" name="demo2test" finished-at="2022-08-30T23:35:00 IST" duration-ms="2272" status="PASS">
          <reporter-output>
          </reporter-output>
        </test-method> <!-- demo2test -->
      </class> <!-- jenkinssample1.demo2 -->
    </test> <!-- Default test -->
  </suite> <!-- Default suite -->
</testng-results>
